<?xml version="1.0" encoding="UTF-8"?>
<!-- Generated by org.testng.reporters.JUnitReportReporter -->
<testsuite hostname="Amarendra" name="biocept.qa.testcases.TestConfig" tests="25" failures="0" timestamp="29 Jul 2019 05:54:13 GMT" time="451.953" errors="0">
  <testcase name="PlaceNewOrderForMolecular" time="72.622" classname="biocept.qa.testcases.TestConfig"/>
  <testcase name="KRASSequencingActivityResult" time="10.782" classname="biocept.qa.testcases.TestConfig"/>
  <testcase name="NRASResultingUpdateResult" time="5.167" classname="biocept.qa.testcases.TestConfig"/>
  <testcase name="NGS_PIActivityTitle" time="12.039" classname="biocept.qa.testcases.TestConfig"/>
  <testcase name="KRASReportSignoff" time="26.980" classname="biocept.qa.testcases.TestConfig"/>
  <testcase name="BRAFPIActivityTitle" time="7.653" classname="biocept.qa.testcases.TestConfig"/>
  <testcase name="BRAFResultingUpdateResult" time="6.994" classname="biocept.qa.testcases.TestConfig"/>
  <testcase name="KRASResultingActivityTitle" time="8.175" classname="biocept.qa.testcases.TestConfig"/>
  <testcase name="NRASResultingActivityTitle" time="32.990" classname="biocept.qa.testcases.TestConfig"/>
  <testcase name="KRASSequencingActivityTitle" time="10.539" classname="biocept.qa.testcases.TestConfig"/>
  <testcase name="UploadNGSFile" time="26.856" classname="biocept.qa.testcases.TestConfig"/>
  <testcase name="UploadSequenceImagesForKRAS" time="55.453" classname="biocept.qa.testcases.TestConfig"/>
  <testcase name="BRAFSequencingActivityResult" time="5.521" classname="biocept.qa.testcases.TestConfig"/>
  <testcase name="KRASPIActivityResult" time="12.017" classname="biocept.qa.testcases.TestConfig"/>
  <testcase name="BRAFPIActivityResult" time="7.538" classname="biocept.qa.testcases.TestConfig"/>
  <testcase name="UploadSequenceImagesForBRAF" time="54.380" classname="biocept.qa.testcases.TestConfig"/>
  <testcase name="NRASReportSignoff" time="20.062" classname="biocept.qa.testcases.TestConfig"/>
  <testcase name="BRAFSequencingActivityTitle" time="10.993" classname="biocept.qa.testcases.TestConfig"/>
  <testcase name="UploadMacroFile" time="4.189" classname="biocept.qa.testcases.TestConfig"/>
  <testcase name="KRASResultingUpdateResult" time="6.258" classname="biocept.qa.testcases.TestConfig"/>
  <testcase name="BRAFResultingActivityTitle" time="7.903" classname="biocept.qa.testcases.TestConfig"/>
  <testcase name="NRASPIActivityTitle" time="7.774" classname="biocept.qa.testcases.TestConfig"/>
  <testcase name="NRASPIActivityResult" time="9.767" classname="biocept.qa.testcases.TestConfig"/>
  <testcase name="BRAFReportSignoff" time="19.472" classname="biocept.qa.testcases.TestConfig"/>
  <testcase name="KRASPIActivityTitle" time="9.829" classname="biocept.qa.testcases.TestConfig"/>
</testsuite> <!-- biocept.qa.testcases.TestConfig -->
