<?xml version="1.0" encoding="UTF-8"?>
<!-- Generated by org.testng.reporters.JUnitReportReporter -->
<testsuite hostname="Amarendra" name="biocept.qa.testcases.CTC_FISHWorklow" tests="52" failures="0" timestamp="29 Jul 2019 05:54:13 GMT" time="616.700" errors="0">
  <testcase name="FISHResultsSummaryActivityTitle" time="12.967" classname="biocept.qa.testcases.CTC_FISHWorklow"/>
  <testcase name="CellSepBatchingActivityTitle" time="6.675" classname="biocept.qa.testcases.CTC_FISHWorklow"/>
  <testcase name="MyWorklistTitle" time="6.220" classname="biocept.qa.testcases.CTC_FISHWorklow"/>
  <testcase name="OrderHistoryWorklist" time="9.335" classname="biocept.qa.testcases.CTC_FISHWorklow"/>
  <testcase name="PIActivityTitle" time="7.553" classname="biocept.qa.testcases.CTC_FISHWorklow"/>
  <testcase name="CTC_FISH_SummaryReport" time="0.055" classname="biocept.qa.testcases.CTC_FISHWorklow"/>
  <testcase name="FISHResultsSummary" time="9.680" classname="biocept.qa.testcases.CTC_FISHWorklow"/>
  <testcase name="SignoffTheReportForNewVersion" time="14.443" classname="biocept.qa.testcases.CTC_FISHWorklow"/>
  <testcase name="QC_CompleteButtonOnProfessionalInterpretation" time="25.161" classname="biocept.qa.testcases.CTC_FISHWorklow"/>
  <testcase name="GenerateLongLabel" time="0.082" classname="biocept.qa.testcases.CTC_FISHWorklow"/>
  <testcase name="ReopenConfirmationPopupOnCompletedWorklist" time="7.526" classname="biocept.qa.testcases.CTC_FISHWorklow"/>
  <testcase name="dashboard" time="0.121" classname="biocept.qa.testcases.CTC_FISHWorklow"/>
  <testcase name="GenerateSmallLabel" time="0.056" classname="biocept.qa.testcases.CTC_FISHWorklow"/>
  <testcase name="FISHAutobatchedworklistActivityTitle" time="6.862" classname="biocept.qa.testcases.CTC_FISHWorklow"/>
  <testcase name="QAReportingWorklistTitle" time="5.376" classname="biocept.qa.testcases.CTC_FISHWorklow"/>
  <testcase name="SignoffReportFromPhysicianPortal" time="47.076" classname="biocept.qa.testcases.CTC_FISHWorklow"/>
  <testcase name="ActivityTitleAfterReOpen" time="1.707" classname="biocept.qa.testcases.CTC_FISHWorklow"/>
  <testcase name="AccesstionType" time="1.280" classname="biocept.qa.testcases.CTC_FISHWorklow"/>
  <testcase name="LIMSLogin" time="70.623" classname="biocept.qa.testcases.CTC_FISHWorklow"/>
  <testcase name="EnumerationImageReviewActivityTitle" time="6.925" classname="biocept.qa.testcases.CTC_FISHWorklow"/>
  <testcase name="ReportVersionSelectionPopUp" time="14.954" classname="biocept.qa.testcases.CTC_FISHWorklow"/>
  <testcase name="EnumerationImageReview" time="22.722" classname="biocept.qa.testcases.CTC_FISHWorklow"/>
  <testcase name="PatientNameOnBarcodePage" time="1.292" classname="biocept.qa.testcases.CTC_FISHWorklow"/>
  <testcase name="FISHReloAnalysis" time="7.327" classname="biocept.qa.testcases.CTC_FISHWorklow"/>
  <testcase name="ConfirmationOnTechOnlyPI" time="1.396" classname="biocept.qa.testcases.CTC_FISHWorklow"/>
  <testcase name="PhysicianPortalLogin" time="14.161" classname="biocept.qa.testcases.CTC_FISHWorklow"/>
  <testcase name="MEMSProcessingActivityTitle" time="7.095" classname="biocept.qa.testcases.CTC_FISHWorklow"/>
  <testcase name="FISHAutobatchedworklist" time="8.358" classname="biocept.qa.testcases.CTC_FISHWorklow"/>
  <testcase name="QAReportingWorklist" time="19.226" classname="biocept.qa.testcases.CTC_FISHWorklow"/>
  <testcase name="CellSepBatching" time="8.375" classname="biocept.qa.testcases.CTC_FISHWorklow"/>
  <testcase name="GoBacktoPhysicianPortalButton" time="5.574" classname="biocept.qa.testcases.CTC_FISHWorklow"/>
  <testcase name="BioviewScanDataActivityTitle" time="6.853" classname="biocept.qa.testcases.CTC_FISHWorklow"/>
  <testcase name="TechOnlyProfessionalInterpretation" time="18.088" classname="biocept.qa.testcases.CTC_FISHWorklow"/>
  <testcase name="BioviewScanData" time="7.417" classname="biocept.qa.testcases.CTC_FISHWorklow"/>
  <testcase name="CTCICCResultsSummary" time="8.837" classname="biocept.qa.testcases.CTC_FISHWorklow"/>
  <testcase name="QCComplete" time="5.645" classname="biocept.qa.testcases.CTC_FISHWorklow"/>
  <testcase name="FishReviewApproveTitle" time="5.073" classname="biocept.qa.testcases.CTC_FISHWorklow"/>
  <testcase name="CTCICCResultsSummaryActivityTitle" time="7.025" classname="biocept.qa.testcases.CTC_FISHWorklow"/>
  <testcase name="CompletedWorklist" time="11.310" classname="biocept.qa.testcases.CTC_FISHWorklow"/>
  <testcase name="MemsBatchingActivityTitle" time="6.791" classname="biocept.qa.testcases.CTC_FISHWorklow"/>
  <testcase name="MEMSProcessing" time="5.849" classname="biocept.qa.testcases.CTC_FISHWorklow"/>
  <testcase name="CTC_FISH_ScoreSheet" time="0.055" classname="biocept.qa.testcases.CTC_FISHWorklow"/>
  <testcase name="CellCepProcessing" time="13.823" classname="biocept.qa.testcases.CTC_FISHWorklow"/>
  <testcase name="GenerateMolecularLabel" time="0.083" classname="biocept.qa.testcases.CTC_FISHWorklow"/>
  <testcase name="FISHReloAnalysisActivityTitle" time="7.360" classname="biocept.qa.testcases.CTC_FISHWorklow"/>
  <testcase name="DownloadPlasmaCSV" time="0.085" classname="biocept.qa.testcases.CTC_FISHWorklow"/>
  <testcase name="UploadAccessionImagesPageTitle" time="9.979" classname="biocept.qa.testcases.CTC_FISHWorklow"/>
  <testcase name="CTC_FISH_SampleTraveler" time="0.066" classname="biocept.qa.testcases.CTC_FISHWorklow"/>
  <testcase name="AssignProfessionalWorkToBiocept" time="16.099" classname="biocept.qa.testcases.CTC_FISHWorklow"/>
  <testcase name="MemsBatching" time="6.424" classname="biocept.qa.testcases.CTC_FISHWorklow"/>
  <testcase name="CellCepProcessingActivityTitle" time="21.767" classname="biocept.qa.testcases.CTC_FISHWorklow"/>
  <testcase name="PlaceNewOrder" time="107.868" classname="biocept.qa.testcases.CTC_FISHWorklow"/>
</testsuite> <!-- biocept.qa.testcases.CTC_FISHWorklow -->
